2025-12-17 21:57:19,547 - INFO - ✓ GPU检测: NVIDIA GeForce RTX 5060 Ti (15.9 GB)
2025-12-17 21:57:37,654 - INFO - ✓ GPU检测: NVIDIA GeForce RTX 5060 Ti (15.9 GB)
2025-12-17 21:57:38,984 - INFO - 
==================================================
2025-12-17 21:57:38,984 - INFO - 开始加载数据...
2025-12-17 21:57:38,991 - INFO - 正在加载钻孔数据...
2025-12-17 21:57:39,169 - INFO - ✓ 数据加载完成: 28 个钻孔, 151 个地层
2025-12-17 21:57:39,175 - INFO - ✓ 数据加载完成，可以开始训练
2025-12-17 21:57:42,192 - INFO - 
==================================================
2025-12-17 21:57:42,192 - INFO - 使用传统地质统计学方法...
2025-12-17 21:57:42,199 - INFO - 正在拟合传统模型...
2025-12-17 21:57:43,191 - INFO - ✓ 传统方法拟合完成!
2025-12-17 21:57:43,192 - INFO - 
✓ 传统方法拟合完成

评估指标:
- MAE: 0.755 m
- RMSE: 1.864 m
- R²: 0.971
- MAPE: 23.9%

2025-12-17 21:57:44,183 - INFO - 
==================================================
2025-12-17 21:57:44,184 - INFO - 开始构建三维模型...
2025-12-17 21:57:44,197 - INFO - 正在生成网格...
2025-12-17 21:57:46,571 - INFO - 正在构建三维模型...
2025-12-17 21:57:46,920 - INFO - ✓ 三维模型构建完成!
2025-12-17 21:57:46,920 - INFO - ✓ 三维模型构建完成

各层统计:
- 粉砂岩_25: 平均厚度 14.89m
- 16-4煤: 平均厚度 2.71m
- 泥岩_16: 平均厚度 9.80m
- 粉砂岩_24: 平均厚度 3.17m
- 泥岩_15: 平均厚度 8.95m
- 砾岩_13: 平均厚度 2.70m
- 16-3煤: 平均厚度 27.11m
- 砂质泥岩_24: 平均厚度 13.55m
- 泥岩_14: 平均厚度 3.53m
- 砂质泥岩_23: 平均厚度 2.89m
- 16-2煤: 平均厚度 17.60m
- 砂质泥岩_21: 平均厚度 7.23m
- 细砂岩_10: 平均厚度 2.76m
- 16-3中煤: 平均厚度 2.90m
- 煤1: 平均厚度 0.66m
- 砂质泥岩_22: 平均厚度 5.85m
- 泥岩_13: 平均厚度 6.23m
- 砂质泥岩_20: 平均厚度 7.81m
- 炭质泥岩_7: 平均厚度 0.92m
- 粉砂岩_23: 平均厚度 2.82m
- 炭质泥岩_6: 平均厚度 1.70m
- 粉砂岩_22: 平均厚度 13.80m
- 泥岩_12: 平均厚度 4.05m
- 砂质泥岩_19: 平均厚度 2.94m
- 粉砂岩_20: 平均厚度 8.61m
- 炭质泥岩_8: 平均厚度 5.25m
- 16-3上煤: 平均厚度 9.79m
- 砾岩_12: 平均厚度 11.97m
- 粉砂岩_21: 平均厚度 24.61m
- 砂质泥岩_18: 平均厚度 3.80m
- 细砂岩_8: 平均厚度 2.61m
- 砂质泥岩_17: 平均厚度 5.73m
- 煤_9: 平均厚度 1.53m
- 煤2: 平均厚度 0.88m
- 细砂岩_7: 平均厚度 3.89m
- 炭质泥岩_5: 平均厚度 1.11m
- 泥岩_11: 平均厚度 5.50m
- 粉砂岩_19: 平均厚度 5.82m
- 细砂岩_9: 平均厚度 14.57m
- 煤_8: 平均厚度 1.33m
- 砾岩_11: 平均厚度 16.32m
- 砂质泥岩_16: 平均厚度 4.53m
- 粉砂岩_17: 平均厚度 9.57m
- 粉砂岩_13: 平均厚度 9.47m
- 粉砂岩_18: 平均厚度 6.87m
- 16-2下煤: 平均厚度 1.85m
- 粉砂岩_16: 平均厚度 15.61m
- 煤_7: 平均厚度 1.19m
- 煤3: 平均厚度 1.85m
- 粉砂岩_14: 平均厚度 6.57m
- 粗砂岩_4: 平均厚度 18.15m
- 砂质泥岩_15: 平均厚度 3.45m
- 砂质泥岩_14: 平均厚度 3.27m
- 粉砂岩_15: 平均厚度 7.76m
- 砂砾岩_11: 平均厚度 22.25m
- 泥岩_10: 平均厚度 7.72m
- 粗砂岩_3: 平均厚度 8.30m
- 煤_6: 平均厚度 0.97m
- 煤_11: 平均厚度 0.96m
- 16-2上煤: 平均厚度 2.00m
- 炭质泥岩_4: 平均厚度 0.98m
- 砂质泥岩_10: 平均厚度 6.69m
- 砂质泥岩_9: 平均厚度 5.80m
- 细砂岩_6: 平均厚度 6.01m
- 煤_5: 平均厚度 1.23m
- 砂质泥岩_12: 平均厚度 8.99m
- 砂质泥岩_13: 平均厚度 5.13m
- 粉砂岩_12: 平均厚度 3.31m
- 煤4: 平均厚度 0.72m
- 砾岩_10: 平均厚度 7.54m
- 粗砂岩_2: 平均厚度 12.01m
- 砂质泥岩_11: 平均厚度 6.07m
- 泥岩_9: 平均厚度 9.54m
- 煤_10: 平均厚度 1.30m
- 粉砂岩_11: 平均厚度 8.75m
- 细砂岩_5: 平均厚度 6.07m
- 煤5: 平均厚度 0.50m
- 16-1煤: 平均厚度 3.01m
- 粉砂岩_9: 平均厚度 6.61m
- 粉砂岩_10: 平均厚度 5.62m
- 煤_4: 平均厚度 2.20m
- 砂质泥岩_8: 平均厚度 9.97m
- 砂砾岩_10: 平均厚度 10.63m
- 炭质泥岩_3: 平均厚度 2.39m
- 细砂岩_4: 平均厚度 6.23m
- 泥岩_8: 平均厚度 7.52m
- 砾岩_9: 平均厚度 14.49m
- 粉砂岩_8: 平均厚度 12.67m
- 砂砾岩_9: 平均厚度 5.03m
- 泥岩_7: 平均厚度 5.98m
- 砂砾岩_8: 平均厚度 16.55m
- 泥岩_6: 平均厚度 5.22m
- 粉砂岩_7: 平均厚度 11.36m
- 砾岩_8: 平均厚度 17.00m
- 砂质泥岩_7: 平均厚度 7.05m
- 砂砾岩_7: 平均厚度 15.31m
- 泥岩_5: 平均厚度 6.61m
- 砾岩_7: 平均厚度 19.42m
- 15-7煤: 平均厚度 1.60m
- 砂质泥岩_6: 平均厚度 7.08m
- 炭质泥岩_2: 平均厚度 0.76m
- 砂质泥岩_5: 平均厚度 9.60m
- 细砂岩_3: 平均厚度 6.62m
- 煤6: 平均厚度 0.55m
- 粉砂岩_6: 平均厚度 9.88m
- 砂砾岩_6: 平均厚度 10.41m
- 砾岩_6: 平均厚度 6.97m
- 煤_3: 平均厚度 1.03m
- 粗砂岩_1: 平均厚度 5.59m
- 粉砂岩_5: 平均厚度 10.29m
- 15-6煤: 平均厚度 0.85m
- 泥岩_4: 平均厚度 5.52m
- 粉砂岩_4: 平均厚度 8.30m
- 砾岩_5: 平均厚度 15.54m
- 砂砾岩_5: 平均厚度 9.52m
- 中砂岩_1: 平均厚度 13.12m
- 砂质泥岩_4: 平均厚度 9.48m
- 中砂岩_2: 平均厚度 4.83m
- 煤_2: 平均厚度 1.72m
- 泥岩_3: 平均厚度 6.34m
- 砾岩_4: 平均厚度 17.39m
- 砂砾岩_4: 平均厚度 13.19m
- 15-4煤: 平均厚度 1.94m
- 砂质泥岩_3: 平均厚度 11.95m
- 砂砾岩_3: 平均厚度 19.48m
- 15-5下煤: 平均厚度 2.74m
- 15-5上煤: 平均厚度 2.62m
- 砾岩_3: 平均厚度 12.77m
- 粉砂岩_3: 平均厚度 10.28m
- 15-3煤: 平均厚度 2.82m
- 砂质泥岩_2: 平均厚度 7.54m
- 15-2煤: 平均厚度 2.98m
- 泥岩_2: 平均厚度 8.12m
- 煤_1: 平均厚度 1.24m
- 炭质泥岩_1: 平均厚度 1.86m
- 粉砂岩_2: 平均厚度 9.41m
- 细砂岩_2: 平均厚度 9.85m
- 砂质泥岩_1: 平均厚度 6.69m
- 砾岩_2: 平均厚度 16.61m
- 15-1下煤: 平均厚度 2.35m
- 砂砾岩_2: 平均厚度 19.32m
- 泥岩_1: 平均厚度 7.29m
- 15-1煤: 平均厚度 1.68m
- 15-1上煤: 平均厚度 3.18m
- 砾岩_1: 平均厚度 17.97m
- 粉砂岩_1: 平均厚度 9.39m
- 砂砾岩_1: 平均厚度 16.78m
- 粘土_1: 平均厚度 15.96m
- 细砂岩_1: 平均厚度 30.94m
- 腐殖土: 平均厚度 0.55m
- 黄土: 平均厚度 16.58m

2025-12-17 21:57:47,010 - INFO - 正在生成网格几何体...
2025-12-17 21:58:44,685 - INFO - 已启用漫游模式: 左键旋转，中键平移，右键缩放/前进
2025-12-17 21:59:01,217 - INFO - 已恢复标准视图模式
2025-12-17 22:04:12,182 - CRITICAL - Unhandled exception
Traceback (most recent call last):
  File "e:\xiangmu\dizhijianmo\app_qt.py", line 1145, in toggle_measure_mode
    return
  File "C:\Users\Administrator\anaconda3\envs\geomodel\lib\site-packages\pyvista\_deprecate_positional_args.py", line 245, in inner_f
    return f(*args, **kwargs)
  File "C:\Users\Administrator\anaconda3\envs\geomodel\lib\site-packages\pyvista\plotting\picking.py", line 483, in enable_point_picking
    self._validate_picker_not_in_use()
  File "C:\Users\Administrator\anaconda3\envs\geomodel\lib\site-packages\pyvista\plotting\picking.py", line 382, in _validate_picker_not_in_use
    raise PyVistaPickingError(msg)
pyvista.plotting.errors.PyVistaPickingError: Picking is already enabled, please disable previous picking with `disable_picking()`.
2025-12-17 22:06:23,501 - INFO - ✓ GPU检测: NVIDIA GeForce RTX 5060 Ti (15.9 GB)
2025-12-17 22:06:25,397 - INFO - 
==================================================
2025-12-17 22:06:25,398 - INFO - 开始加载数据...
2025-12-17 22:06:25,404 - INFO - 正在加载钻孔数据...
2025-12-17 22:06:25,554 - INFO - ✓ 数据加载完成: 28 个钻孔, 151 个地层
2025-12-17 22:06:25,559 - INFO - ✓ 数据加载完成，可以开始训练
2025-12-17 22:06:27,600 - INFO - 
==================================================
2025-12-17 22:06:27,600 - INFO - 使用传统地质统计学方法...
2025-12-17 22:06:27,607 - INFO - 正在拟合传统模型...
2025-12-17 22:06:28,578 - INFO - ✓ 传统方法拟合完成!
2025-12-17 22:06:28,579 - INFO - 
✓ 传统方法拟合完成

评估指标:
- MAE: 0.755 m
- RMSE: 1.864 m
- R²: 0.971
- MAPE: 23.9%

2025-12-17 22:06:30,594 - INFO - 
==================================================
2025-12-17 22:06:30,595 - INFO - 开始构建三维模型...
2025-12-17 22:06:30,618 - INFO - 正在生成网格...
2025-12-17 22:06:32,823 - INFO - 正在构建三维模型...
2025-12-17 22:06:33,147 - INFO - ✓ 三维模型构建完成!
2025-12-17 22:06:33,149 - INFO - ✓ 三维模型构建完成

各层统计:
- 粉砂岩_25: 平均厚度 14.89m
- 16-4煤: 平均厚度 2.71m
- 泥岩_16: 平均厚度 9.80m
- 粉砂岩_24: 平均厚度 3.17m
- 泥岩_15: 平均厚度 8.95m
- 砾岩_13: 平均厚度 2.70m
- 16-3煤: 平均厚度 27.11m
- 砂质泥岩_24: 平均厚度 13.55m
- 泥岩_14: 平均厚度 3.53m
- 砂质泥岩_23: 平均厚度 2.89m
- 16-2煤: 平均厚度 17.60m
- 砂质泥岩_21: 平均厚度 7.23m
- 细砂岩_10: 平均厚度 2.76m
- 16-3中煤: 平均厚度 2.90m
- 煤1: 平均厚度 0.66m
- 砂质泥岩_22: 平均厚度 5.85m
- 泥岩_13: 平均厚度 6.23m
- 砂质泥岩_20: 平均厚度 7.81m
- 炭质泥岩_7: 平均厚度 0.92m
- 粉砂岩_23: 平均厚度 2.82m
- 炭质泥岩_6: 平均厚度 1.70m
- 粉砂岩_22: 平均厚度 13.80m
- 泥岩_12: 平均厚度 4.05m
- 砂质泥岩_19: 平均厚度 2.94m
- 粉砂岩_20: 平均厚度 8.61m
- 炭质泥岩_8: 平均厚度 5.25m
- 16-3上煤: 平均厚度 9.79m
- 砾岩_12: 平均厚度 11.97m
- 粉砂岩_21: 平均厚度 24.61m
- 砂质泥岩_18: 平均厚度 3.80m
- 细砂岩_8: 平均厚度 2.61m
- 砂质泥岩_17: 平均厚度 5.73m
- 煤_9: 平均厚度 1.53m
- 煤2: 平均厚度 0.88m
- 细砂岩_7: 平均厚度 3.89m
- 炭质泥岩_5: 平均厚度 1.11m
- 泥岩_11: 平均厚度 5.50m
- 粉砂岩_19: 平均厚度 5.82m
- 细砂岩_9: 平均厚度 14.57m
- 煤_8: 平均厚度 1.33m
- 砾岩_11: 平均厚度 16.32m
- 砂质泥岩_16: 平均厚度 4.53m
- 粉砂岩_17: 平均厚度 9.58m
- 粉砂岩_13: 平均厚度 9.47m
- 粉砂岩_18: 平均厚度 6.87m
- 16-2下煤: 平均厚度 1.85m
- 粉砂岩_16: 平均厚度 15.61m
- 煤_7: 平均厚度 1.19m
- 煤3: 平均厚度 1.85m
- 粉砂岩_14: 平均厚度 6.57m
- 粗砂岩_4: 平均厚度 18.15m
- 砂质泥岩_15: 平均厚度 3.45m
- 砂质泥岩_14: 平均厚度 3.27m
- 粉砂岩_15: 平均厚度 7.76m
- 砂砾岩_11: 平均厚度 22.25m
- 泥岩_10: 平均厚度 7.72m
- 粗砂岩_3: 平均厚度 8.30m
- 煤_6: 平均厚度 0.97m
- 煤_11: 平均厚度 0.96m
- 16-2上煤: 平均厚度 2.00m
- 炭质泥岩_4: 平均厚度 0.98m
- 砂质泥岩_10: 平均厚度 6.69m
- 砂质泥岩_9: 平均厚度 5.80m
- 细砂岩_6: 平均厚度 6.01m
- 煤_5: 平均厚度 1.23m
- 砂质泥岩_12: 平均厚度 8.98m
- 砂质泥岩_13: 平均厚度 5.13m
- 粉砂岩_12: 平均厚度 3.31m
- 煤4: 平均厚度 0.72m
- 砾岩_10: 平均厚度 7.54m
- 粗砂岩_2: 平均厚度 12.01m
- 砂质泥岩_11: 平均厚度 6.07m
- 泥岩_9: 平均厚度 9.54m
- 煤_10: 平均厚度 1.30m
- 粉砂岩_11: 平均厚度 8.75m
- 细砂岩_5: 平均厚度 6.07m
- 煤5: 平均厚度 0.50m
- 16-1煤: 平均厚度 3.01m
- 粉砂岩_9: 平均厚度 6.61m
- 粉砂岩_10: 平均厚度 5.62m
- 煤_4: 平均厚度 2.20m
- 砂质泥岩_8: 平均厚度 9.97m
- 砂砾岩_10: 平均厚度 10.63m
- 炭质泥岩_3: 平均厚度 2.39m
- 细砂岩_4: 平均厚度 6.23m
- 泥岩_8: 平均厚度 7.52m
- 砾岩_9: 平均厚度 14.49m
- 粉砂岩_8: 平均厚度 12.67m
- 砂砾岩_9: 平均厚度 5.03m
- 泥岩_7: 平均厚度 5.98m
- 砂砾岩_8: 平均厚度 16.55m
- 泥岩_6: 平均厚度 5.22m
- 粉砂岩_7: 平均厚度 11.36m
- 砾岩_8: 平均厚度 17.00m
- 砂质泥岩_7: 平均厚度 7.04m
- 砂砾岩_7: 平均厚度 15.31m
- 泥岩_5: 平均厚度 6.61m
- 砾岩_7: 平均厚度 19.43m
- 15-7煤: 平均厚度 1.60m
- 砂质泥岩_6: 平均厚度 7.08m
- 炭质泥岩_2: 平均厚度 0.75m
- 砂质泥岩_5: 平均厚度 9.60m
- 细砂岩_3: 平均厚度 6.62m
- 煤6: 平均厚度 0.55m
- 粉砂岩_6: 平均厚度 9.88m
- 砂砾岩_6: 平均厚度 10.41m
- 砾岩_6: 平均厚度 6.97m
- 煤_3: 平均厚度 1.03m
- 粗砂岩_1: 平均厚度 5.59m
- 粉砂岩_5: 平均厚度 10.29m
- 15-6煤: 平均厚度 0.85m
- 泥岩_4: 平均厚度 5.51m
- 粉砂岩_4: 平均厚度 8.30m
- 砾岩_5: 平均厚度 15.54m
- 砂砾岩_5: 平均厚度 9.52m
- 中砂岩_1: 平均厚度 13.13m
- 砂质泥岩_4: 平均厚度 9.47m
- 中砂岩_2: 平均厚度 4.83m
- 煤_2: 平均厚度 1.72m
- 泥岩_3: 平均厚度 6.34m
- 砾岩_4: 平均厚度 17.39m
- 砂砾岩_4: 平均厚度 13.19m
- 15-4煤: 平均厚度 1.94m
- 砂质泥岩_3: 平均厚度 11.95m
- 砂砾岩_3: 平均厚度 19.48m
- 15-5下煤: 平均厚度 2.74m
- 15-5上煤: 平均厚度 2.62m
- 砾岩_3: 平均厚度 12.77m
- 粉砂岩_3: 平均厚度 10.28m
- 15-3煤: 平均厚度 2.82m
- 砂质泥岩_2: 平均厚度 7.54m
- 15-2煤: 平均厚度 2.98m
- 泥岩_2: 平均厚度 8.12m
- 煤_1: 平均厚度 1.24m
- 炭质泥岩_1: 平均厚度 1.86m
- 粉砂岩_2: 平均厚度 9.41m
- 细砂岩_2: 平均厚度 9.85m
- 砂质泥岩_1: 平均厚度 6.69m
- 砾岩_2: 平均厚度 16.61m
- 15-1下煤: 平均厚度 2.35m
- 砂砾岩_2: 平均厚度 19.31m
- 泥岩_1: 平均厚度 7.29m
- 15-1煤: 平均厚度 1.68m
- 15-1上煤: 平均厚度 3.18m
- 砾岩_1: 平均厚度 17.98m
- 粉砂岩_1: 平均厚度 9.39m
- 砂砾岩_1: 平均厚度 16.78m
- 粘土_1: 平均厚度 15.96m
- 细砂岩_1: 平均厚度 30.94m
- 腐殖土: 平均厚度 0.55m
- 黄土: 平均厚度 16.58m

2025-12-17 22:06:33,207 - INFO - 正在生成网格几何体...
2025-12-17 22:06:47,456 - INFO - 
正在导出 HTML...
2025-12-17 22:06:47,458 - INFO - ✗ 导出失败: Please install trame dependencies: pip install "pyvista[jupyter]"
Traceback (most recent call last):
  File "C:\Users\Administrator\anaconda3\envs\geomodel\lib\site-packages\pyvista\plotting\plotter.py", line 707, in export_html
    from trame_vtk.tools.vtksz2html import write_html  # noqa: PLC0415
ModuleNotFoundError: No module named 'trame_vtk'

During handling of the above exception, another exception occurred:

Traceback (most recent call last):
  File "e:\xiangmu\dizhijianmo\app_qt.py", line 1855, in export_model
    self.plotter.export_html(file_path)
  File "C:\Users\Administrator\anaconda3\envs\geomodel\lib\site-packages\pyvista\plotting\plotter.py", line 710, in export_html
    raise ImportError(msg)
ImportError: Please install trame dependencies: pip install "pyvista[jupyter]"

2025-12-17 22:08:11,482 - INFO - ✓ GPU检测: NVIDIA GeForce RTX 5060 Ti (15.9 GB)
2025-12-17 22:08:14,673 - INFO - 
==================================================
2025-12-17 22:08:14,673 - INFO - 开始加载数据...
2025-12-17 22:08:14,680 - INFO - 正在加载钻孔数据...
2025-12-17 22:08:14,835 - INFO - ✓ 数据加载完成: 28 个钻孔, 151 个地层
2025-12-17 22:08:14,840 - INFO - ✓ 数据加载完成，可以开始训练
2025-12-17 22:08:16,189 - INFO - 
==================================================
2025-12-17 22:08:16,189 - INFO - 使用传统地质统计学方法...
2025-12-17 22:08:16,195 - INFO - 正在拟合传统模型...
2025-12-17 22:08:16,332 - INFO - ✓ 传统方法拟合完成!
2025-12-17 22:08:16,334 - INFO - 
✓ 传统方法拟合完成

评估指标:
- MAE: 0.258 m
- RMSE: 1.729 m
- R²: 0.975
- MAPE: 5.9%

2025-12-17 22:08:19,147 - INFO - 
==================================================
2025-12-17 22:08:19,147 - INFO - 使用传统地质统计学方法...
2025-12-17 22:08:19,153 - INFO - 正在拟合传统模型...
2025-12-17 22:08:20,147 - INFO - ✓ 传统方法拟合完成!
2025-12-17 22:08:20,148 - INFO - 
✓ 传统方法拟合完成

评估指标:
- MAE: 0.755 m
- RMSE: 1.864 m
- R²: 0.971
- MAPE: 23.9%

2025-12-17 22:08:24,477 - INFO - 
==================================================
2025-12-17 22:08:24,478 - INFO - 开始构建三维模型...
2025-12-17 22:08:24,501 - INFO - 正在生成网格...
2025-12-17 22:08:24,828 - INFO - 
==================================================
2025-12-17 22:08:24,836 - INFO - 开始构建三维模型...
2025-12-17 22:08:24,848 - INFO - 正在生成网格...
2025-12-17 22:08:28,390 - INFO - 正在构建三维模型...
2025-12-17 22:08:29,261 - INFO - 正在构建三维模型...
2025-12-17 22:08:29,609 - INFO - ✓ 三维模型构建完成!
2025-12-17 22:08:29,610 - INFO - ✓ 三维模型构建完成

各层统计:
- 粉砂岩_25: 平均厚度 14.89m
- 16-4煤: 平均厚度 2.71m
- 泥岩_16: 平均厚度 9.80m
- 粉砂岩_24: 平均厚度 3.17m
- 泥岩_15: 平均厚度 8.95m
- 砾岩_13: 平均厚度 2.70m
- 16-3煤: 平均厚度 27.11m
- 砂质泥岩_24: 平均厚度 13.55m
- 泥岩_14: 平均厚度 3.53m
- 砂质泥岩_23: 平均厚度 2.89m
- 16-2煤: 平均厚度 17.60m
- 砂质泥岩_21: 平均厚度 7.23m
- 细砂岩_10: 平均厚度 2.76m
- 16-3中煤: 平均厚度 2.90m
- 煤1: 平均厚度 0.66m
- 砂质泥岩_22: 平均厚度 5.85m
- 泥岩_13: 平均厚度 6.23m
- 砂质泥岩_20: 平均厚度 7.81m
- 炭质泥岩_7: 平均厚度 0.92m
- 粉砂岩_23: 平均厚度 2.82m
- 炭质泥岩_6: 平均厚度 1.70m
- 粉砂岩_22: 平均厚度 13.80m
- 泥岩_12: 平均厚度 4.05m
- 砂质泥岩_19: 平均厚度 2.94m
- 粉砂岩_20: 平均厚度 8.61m
- 炭质泥岩_8: 平均厚度 5.25m
- 16-3上煤: 平均厚度 9.79m
- 砾岩_12: 平均厚度 11.97m
- 粉砂岩_21: 平均厚度 24.61m
- 砂质泥岩_18: 平均厚度 3.80m
- 细砂岩_8: 平均厚度 2.61m
- 砂质泥岩_17: 平均厚度 5.73m
- 煤_9: 平均厚度 1.53m
- 煤2: 平均厚度 0.88m
- 细砂岩_7: 平均厚度 3.89m
- 炭质泥岩_5: 平均厚度 1.11m
- 泥岩_11: 平均厚度 5.50m
- 粉砂岩_19: 平均厚度 5.82m
- 细砂岩_9: 平均厚度 14.57m
- 煤_8: 平均厚度 1.33m
- 砾岩_11: 平均厚度 16.32m
- 砂质泥岩_16: 平均厚度 4.53m
- 粉砂岩_17: 平均厚度 9.57m
- 粉砂岩_13: 平均厚度 9.47m
- 粉砂岩_18: 平均厚度 6.87m
- 16-2下煤: 平均厚度 1.85m
- 粉砂岩_16: 平均厚度 15.61m
- 煤_7: 平均厚度 1.19m
- 煤3: 平均厚度 1.85m
- 粉砂岩_14: 平均厚度 6.57m
- 粗砂岩_4: 平均厚度 18.15m
- 砂质泥岩_15: 平均厚度 3.45m
- 砂质泥岩_14: 平均厚度 3.27m
- 粉砂岩_15: 平均厚度 7.76m
- 砂砾岩_11: 平均厚度 22.25m
- 泥岩_10: 平均厚度 7.72m
- 粗砂岩_3: 平均厚度 8.30m
- 煤_6: 平均厚度 0.97m
- 煤_11: 平均厚度 0.96m
- 16-2上煤: 平均厚度 2.00m
- 炭质泥岩_4: 平均厚度 0.98m
- 砂质泥岩_10: 平均厚度 6.69m
- 砂质泥岩_9: 平均厚度 5.80m
- 细砂岩_6: 平均厚度 6.01m
- 煤_5: 平均厚度 1.23m
- 砂质泥岩_12: 平均厚度 8.99m
- 砂质泥岩_13: 平均厚度 5.13m
- 粉砂岩_12: 平均厚度 3.31m
- 煤4: 平均厚度 0.72m
- 砾岩_10: 平均厚度 7.54m
- 粗砂岩_2: 平均厚度 12.01m
- 砂质泥岩_11: 平均厚度 6.07m
- 泥岩_9: 平均厚度 9.54m
- 煤_10: 平均厚度 1.30m
- 粉砂岩_11: 平均厚度 8.75m
- 细砂岩_5: 平均厚度 6.07m
- 煤5: 平均厚度 0.50m
- 16-1煤: 平均厚度 3.01m
- 粉砂岩_9: 平均厚度 6.61m
- 粉砂岩_10: 平均厚度 5.62m
- 煤_4: 平均厚度 2.20m
- 砂质泥岩_8: 平均厚度 9.97m
- 砂砾岩_10: 平均厚度 10.63m
- 炭质泥岩_3: 平均厚度 2.39m
- 细砂岩_4: 平均厚度 6.23m
- 泥岩_8: 平均厚度 7.52m
- 砾岩_9: 平均厚度 14.49m
- 粉砂岩_8: 平均厚度 12.67m
- 砂砾岩_9: 平均厚度 5.03m
- 泥岩_7: 平均厚度 5.98m
- 砂砾岩_8: 平均厚度 16.55m
- 泥岩_6: 平均厚度 5.22m
- 粉砂岩_7: 平均厚度 11.36m
- 砾岩_8: 平均厚度 17.00m
- 砂质泥岩_7: 平均厚度 7.05m
- 砂砾岩_7: 平均厚度 15.31m
- 泥岩_5: 平均厚度 6.61m
- 砾岩_7: 平均厚度 19.42m
- 15-7煤: 平均厚度 1.60m
- 砂质泥岩_6: 平均厚度 7.08m
- 炭质泥岩_2: 平均厚度 0.76m
- 砂质泥岩_5: 平均厚度 9.60m
- 细砂岩_3: 平均厚度 6.62m
- 煤6: 平均厚度 0.55m
- 粉砂岩_6: 平均厚度 9.88m
- 砂砾岩_6: 平均厚度 10.41m
- 砾岩_6: 平均厚度 6.97m
- 煤_3: 平均厚度 1.03m
- 粗砂岩_1: 平均厚度 5.59m
- 粉砂岩_5: 平均厚度 10.29m
- 15-6煤: 平均厚度 0.85m
- 泥岩_4: 平均厚度 5.52m
- 粉砂岩_4: 平均厚度 8.30m
- 砾岩_5: 平均厚度 15.54m
- 砂砾岩_5: 平均厚度 9.52m
- 中砂岩_1: 平均厚度 13.12m
- 砂质泥岩_4: 平均厚度 9.48m
- 中砂岩_2: 平均厚度 4.83m
- 煤_2: 平均厚度 1.72m
- 泥岩_3: 平均厚度 6.34m
- 砾岩_4: 平均厚度 17.39m
- 砂砾岩_4: 平均厚度 13.19m
- 15-4煤: 平均厚度 1.94m
- 砂质泥岩_3: 平均厚度 11.95m
- 砂砾岩_3: 平均厚度 19.48m
- 15-5下煤: 平均厚度 2.74m
- 15-5上煤: 平均厚度 2.62m
- 砾岩_3: 平均厚度 12.77m
- 粉砂岩_3: 平均厚度 10.28m
- 15-3煤: 平均厚度 2.82m
- 砂质泥岩_2: 平均厚度 7.54m
- 15-2煤: 平均厚度 2.98m
- 泥岩_2: 平均厚度 8.12m
- 煤_1: 平均厚度 1.24m
- 炭质泥岩_1: 平均厚度 1.86m
- 粉砂岩_2: 平均厚度 9.41m
- 细砂岩_2: 平均厚度 9.85m
- 砂质泥岩_1: 平均厚度 6.69m
- 砾岩_2: 平均厚度 16.61m
- 15-1下煤: 平均厚度 2.35m
- 砂砾岩_2: 平均厚度 19.32m
- 泥岩_1: 平均厚度 7.29m
- 15-1煤: 平均厚度 1.68m
- 15-1上煤: 平均厚度 3.18m
- 砾岩_1: 平均厚度 17.97m
- 粉砂岩_1: 平均厚度 9.39m
- 砂砾岩_1: 平均厚度 16.78m
- 粘土_1: 平均厚度 15.96m
- 细砂岩_1: 平均厚度 30.94m
- 腐殖土: 平均厚度 0.55m
- 黄土: 平均厚度 16.58m

2025-12-17 22:08:29,677 - INFO - 正在生成网格几何体...
2025-12-17 22:08:36,152 - INFO - ✓ 三维模型构建完成!
2025-12-17 22:08:36,158 - INFO - ✓ 三维模型构建完成

各层统计:
- 粉砂岩_25: 平均厚度 14.89m
- 16-4煤: 平均厚度 2.71m
- 泥岩_16: 平均厚度 9.80m
- 粉砂岩_24: 平均厚度 3.17m
- 泥岩_15: 平均厚度 8.95m
- 砾岩_13: 平均厚度 2.70m
- 16-3煤: 平均厚度 27.11m
- 砂质泥岩_24: 平均厚度 13.55m
- 泥岩_14: 平均厚度 3.53m
- 砂质泥岩_23: 平均厚度 2.89m
- 16-2煤: 平均厚度 17.60m
- 砂质泥岩_21: 平均厚度 7.23m
- 细砂岩_10: 平均厚度 2.76m
- 16-3中煤: 平均厚度 2.90m
- 煤1: 平均厚度 0.66m
- 砂质泥岩_22: 平均厚度 5.85m
- 泥岩_13: 平均厚度 6.23m
- 砂质泥岩_20: 平均厚度 7.81m
- 炭质泥岩_7: 平均厚度 0.92m
- 粉砂岩_23: 平均厚度 2.82m
- 炭质泥岩_6: 平均厚度 1.70m
- 粉砂岩_22: 平均厚度 13.80m
- 泥岩_12: 平均厚度 4.05m
- 砂质泥岩_19: 平均厚度 2.94m
- 粉砂岩_20: 平均厚度 8.61m
- 炭质泥岩_8: 平均厚度 5.25m
- 16-3上煤: 平均厚度 9.79m
- 砾岩_12: 平均厚度 11.97m
- 粉砂岩_21: 平均厚度 24.61m
- 砂质泥岩_18: 平均厚度 3.80m
- 细砂岩_8: 平均厚度 2.61m
- 砂质泥岩_17: 平均厚度 5.73m
- 煤_9: 平均厚度 1.53m
- 煤2: 平均厚度 0.88m
- 细砂岩_7: 平均厚度 3.89m
- 炭质泥岩_5: 平均厚度 1.11m
- 泥岩_11: 平均厚度 5.50m
- 粉砂岩_19: 平均厚度 5.82m
- 细砂岩_9: 平均厚度 14.57m
- 煤_8: 平均厚度 1.33m
- 砾岩_11: 平均厚度 16.32m
- 砂质泥岩_16: 平均厚度 4.53m
- 粉砂岩_17: 平均厚度 9.57m
- 粉砂岩_13: 平均厚度 9.47m
- 粉砂岩_18: 平均厚度 6.87m
- 16-2下煤: 平均厚度 1.85m
- 粉砂岩_16: 平均厚度 15.61m
- 煤_7: 平均厚度 1.19m
- 煤3: 平均厚度 1.85m
- 粉砂岩_14: 平均厚度 6.57m
- 粗砂岩_4: 平均厚度 18.15m
- 砂质泥岩_15: 平均厚度 3.45m
- 砂质泥岩_14: 平均厚度 3.27m
- 粉砂岩_15: 平均厚度 7.76m
- 砂砾岩_11: 平均厚度 22.25m
- 泥岩_10: 平均厚度 7.72m
- 粗砂岩_3: 平均厚度 8.30m
- 煤_6: 平均厚度 0.97m
- 煤_11: 平均厚度 0.96m
- 16-2上煤: 平均厚度 2.00m
- 炭质泥岩_4: 平均厚度 0.98m
- 砂质泥岩_10: 平均厚度 6.69m
- 砂质泥岩_9: 平均厚度 5.80m
- 细砂岩_6: 平均厚度 6.01m
- 煤_5: 平均厚度 1.23m
- 砂质泥岩_12: 平均厚度 8.99m
- 砂质泥岩_13: 平均厚度 5.13m
- 粉砂岩_12: 平均厚度 3.31m
- 煤4: 平均厚度 0.72m
- 砾岩_10: 平均厚度 7.54m
- 粗砂岩_2: 平均厚度 12.01m
- 砂质泥岩_11: 平均厚度 6.07m
- 泥岩_9: 平均厚度 9.54m
- 煤_10: 平均厚度 1.30m
- 粉砂岩_11: 平均厚度 8.75m
- 细砂岩_5: 平均厚度 6.07m
- 煤5: 平均厚度 0.50m
- 16-1煤: 平均厚度 3.01m
- 粉砂岩_9: 平均厚度 6.61m
- 粉砂岩_10: 平均厚度 5.62m
- 煤_4: 平均厚度 2.20m
- 砂质泥岩_8: 平均厚度 9.97m
- 砂砾岩_10: 平均厚度 10.63m
- 炭质泥岩_3: 平均厚度 2.39m
- 细砂岩_4: 平均厚度 6.23m
- 泥岩_8: 平均厚度 7.52m
- 砾岩_9: 平均厚度 14.49m
- 粉砂岩_8: 平均厚度 12.67m
- 砂砾岩_9: 平均厚度 5.03m
- 泥岩_7: 平均厚度 5.98m
- 砂砾岩_8: 平均厚度 16.55m
- 泥岩_6: 平均厚度 5.22m
- 粉砂岩_7: 平均厚度 11.36m
- 砾岩_8: 平均厚度 17.00m
- 砂质泥岩_7: 平均厚度 7.05m
- 砂砾岩_7: 平均厚度 15.31m
- 泥岩_5: 平均厚度 6.61m
- 砾岩_7: 平均厚度 19.42m
- 15-7煤: 平均厚度 1.60m
- 砂质泥岩_6: 平均厚度 7.08m
- 炭质泥岩_2: 平均厚度 0.76m
- 砂质泥岩_5: 平均厚度 9.60m
- 细砂岩_3: 平均厚度 6.62m
- 煤6: 平均厚度 0.55m
- 粉砂岩_6: 平均厚度 9.88m
- 砂砾岩_6: 平均厚度 10.41m
- 砾岩_6: 平均厚度 6.97m
- 煤_3: 平均厚度 1.03m
- 粗砂岩_1: 平均厚度 5.59m
- 粉砂岩_5: 平均厚度 10.29m
- 15-6煤: 平均厚度 0.85m
- 泥岩_4: 平均厚度 5.52m
- 粉砂岩_4: 平均厚度 8.30m
- 砾岩_5: 平均厚度 15.54m
- 砂砾岩_5: 平均厚度 9.52m
- 中砂岩_1: 平均厚度 13.12m
- 砂质泥岩_4: 平均厚度 9.48m
- 中砂岩_2: 平均厚度 4.83m
- 煤_2: 平均厚度 1.72m
- 泥岩_3: 平均厚度 6.34m
- 砾岩_4: 平均厚度 17.39m
- 砂砾岩_4: 平均厚度 13.19m
- 15-4煤: 平均厚度 1.94m
- 砂质泥岩_3: 平均厚度 11.95m
- 砂砾岩_3: 平均厚度 19.48m
- 15-5下煤: 平均厚度 2.74m
- 15-5上煤: 平均厚度 2.62m
- 砾岩_3: 平均厚度 12.77m
- 粉砂岩_3: 平均厚度 10.28m
- 15-3煤: 平均厚度 2.82m
- 砂质泥岩_2: 平均厚度 7.54m
- 15-2煤: 平均厚度 2.98m
- 泥岩_2: 平均厚度 8.12m
- 煤_1: 平均厚度 1.24m
- 炭质泥岩_1: 平均厚度 1.86m
- 粉砂岩_2: 平均厚度 9.41m
- 细砂岩_2: 平均厚度 9.85m
- 砂质泥岩_1: 平均厚度 6.69m
- 砾岩_2: 平均厚度 16.61m
- 15-1下煤: 平均厚度 2.35m
- 砂砾岩_2: 平均厚度 19.32m
- 泥岩_1: 平均厚度 7.29m
- 15-1煤: 平均厚度 1.68m
- 15-1上煤: 平均厚度 3.18m
- 砾岩_1: 平均厚度 17.97m
- 粉砂岩_1: 平均厚度 9.39m
- 砂砾岩_1: 平均厚度 16.78m
- 粘土_1: 平均厚度 15.96m
- 细砂岩_1: 平均厚度 30.94m
- 腐殖土: 平均厚度 0.55m
- 黄土: 平均厚度 16.58m

2025-12-17 22:08:39,009 - INFO - 正在生成网格几何体...
2025-12-17 22:09:11,752 - INFO - 
正在导出 HTML...
2025-12-17 22:09:12,179 - INFO - Translator(prefix=None)
2025-12-17 22:09:12,268 - INFO - awaiting runner setup
2025-12-17 22:09:12,268 - INFO - awaiting site startup
2025-12-17 22:09:12,269 - INFO - Print WSLINK_READY_MSG
2025-12-17 22:09:12,269 - INFO - Schedule auto shutdown with timout 0
2025-12-17 22:09:12,270 - INFO - awaiting running future
2025-12-17 22:09:15,415 - INFO - ✓ 导出成功: C:/Users/Administrator/Desktop/geological_model.html
2025-12-18 13:32:29,023 - INFO - ✓ GPU检测: NVIDIA GeForce RTX 5070 Ti (15.9 GB)
2025-12-18 13:32:31,467 - INFO - 
==================================================
2025-12-18 13:32:31,467 - INFO - 开始加载数据...
2025-12-18 13:32:31,472 - INFO - 正在加载钻孔数据...
2025-12-18 13:32:31,676 - INFO - ✓ 数据加载完成: 28 个钻孔, 151 个地层
2025-12-18 13:32:31,677 - INFO - ✓ 自动基准面: 0.00 (来自数据最小值)
2025-12-18 13:32:31,682 - INFO - ✓ 数据加载完成，可以开始训练
2025-12-18 13:32:49,146 - INFO - 
==================================================
2025-12-18 13:32:49,146 - INFO - ⚠️ 钻孔样本较少(28)，自动使用传统方法: kriging
2025-12-18 13:32:49,147 - INFO - 使用传统地质统计学方法...
2025-12-18 13:32:49,164 - INFO - 正在拟合传统模型...
2025-12-18 13:32:49,317 - INFO - ✓ 传统方法拟合完成!
2025-12-18 13:32:49,318 - INFO - 
✓ 传统方法拟合完成

评估指标:
- MAE: 0.130 m
- RMSE: 1.692 m
- R²: 0.976
- MAPE: 2.7%

2025-12-18 13:33:13,807 - INFO - 
==================================================
2025-12-18 13:33:13,808 - INFO - ⚠️ 钻孔样本较少(28)，自动使用传统方法: kriging
2025-12-18 13:33:13,808 - INFO - 使用传统地质统计学方法...
2025-12-18 13:33:13,815 - INFO - 正在拟合传统模型...
2025-12-18 13:33:14,003 - INFO - ✓ 传统方法拟合完成!
2025-12-18 13:33:14,006 - INFO - 
✓ 传统方法拟合完成

评估指标:
- MAE: 0.130 m
- RMSE: 1.692 m
- R²: 0.976
- MAPE: 2.7%

2025-12-18 13:33:17,387 - INFO - 
==================================================
2025-12-18 13:33:17,388 - INFO - ⚠️ 钻孔样本较少(28)，自动使用传统方法: kriging
2025-12-18 13:33:17,388 - INFO - 使用传统地质统计学方法...
2025-12-18 13:33:17,395 - INFO - 正在拟合传统模型...
2025-12-18 13:33:17,545 - INFO - ✓ 传统方法拟合完成!
2025-12-18 13:33:17,547 - INFO - 
✓ 传统方法拟合完成

评估指标:
- MAE: 0.130 m
- RMSE: 1.692 m
- R²: 0.976
- MAPE: 2.7%

2025-12-18 13:34:56,388 - INFO - ✓ GPU检测: NVIDIA GeForce RTX 5070 Ti (15.9 GB)
2025-12-18 13:35:01,702 - INFO - 
==================================================
2025-12-18 13:35:01,702 - INFO - 开始加载数据...
2025-12-18 13:35:01,708 - INFO - 正在加载钻孔数据...
2025-12-18 13:35:01,905 - INFO - ✓ 数据加载完成: 28 个钻孔, 151 个地层
2025-12-18 13:35:01,907 - INFO - ✓ 自动基准面: 0.00 (来自数据最小值)
2025-12-18 13:35:01,912 - INFO - ✓ 数据加载完成，可以开始训练
2025-12-18 13:35:04,931 - INFO - 
==================================================
2025-12-18 13:35:04,931 - INFO - 使用传统地质统计学方法...
2025-12-18 13:35:04,936 - INFO - 正在拟合传统模型...
2025-12-18 13:35:06,105 - INFO - ✓ 传统方法拟合完成!
2025-12-18 13:35:06,106 - INFO - 
✓ 传统方法拟合完成

评估指标:
- MAE: 0.755 m
- RMSE: 1.864 m
- R²: 0.971
- MAPE: 23.9%

2025-12-18 13:35:10,582 - INFO - 
==================================================
2025-12-18 13:35:10,583 - INFO - 开始构建三维模型...
2025-12-18 13:35:10,609 - INFO - 正在生成网格...
2025-12-18 13:35:13,409 - INFO - 正在构建三维模型...
2025-12-18 13:35:13,805 - INFO - ✓ 三维模型构建完成!
2025-12-18 13:35:13,807 - INFO - ✓ 三维模型构建完成

各层统计:
- 粉砂岩_25: 平均厚度 14.89m
- 16-4煤: 平均厚度 2.71m
- 泥岩_16: 平均厚度 9.80m
- 粉砂岩_24: 平均厚度 3.17m
- 泥岩_15: 平均厚度 8.95m
- 砾岩_13: 平均厚度 2.70m
- 16-3煤: 平均厚度 27.11m
- 砂质泥岩_24: 平均厚度 13.55m
- 泥岩_14: 平均厚度 3.53m
- 砂质泥岩_23: 平均厚度 2.89m
- 16-2煤: 平均厚度 17.60m
- 砂质泥岩_21: 平均厚度 7.23m
- 细砂岩_10: 平均厚度 2.76m
- 16-3中煤: 平均厚度 2.90m
- 煤1: 平均厚度 0.66m
- 砂质泥岩_22: 平均厚度 5.85m
- 泥岩_13: 平均厚度 6.23m
- 砂质泥岩_20: 平均厚度 7.81m
- 炭质泥岩_7: 平均厚度 0.92m
- 粉砂岩_23: 平均厚度 2.82m
- 炭质泥岩_6: 平均厚度 1.70m
- 粉砂岩_22: 平均厚度 13.80m
- 泥岩_12: 平均厚度 4.05m
- 砂质泥岩_19: 平均厚度 2.94m
- 粉砂岩_20: 平均厚度 8.61m
- 炭质泥岩_8: 平均厚度 5.25m
- 16-3上煤: 平均厚度 9.79m
- 砾岩_12: 平均厚度 11.97m
- 粉砂岩_21: 平均厚度 24.61m
- 砂质泥岩_18: 平均厚度 3.80m
- 细砂岩_8: 平均厚度 2.61m
- 砂质泥岩_17: 平均厚度 5.73m
- 煤_9: 平均厚度 1.53m
- 煤2: 平均厚度 0.88m
- 细砂岩_7: 平均厚度 3.89m
- 炭质泥岩_5: 平均厚度 1.11m
- 泥岩_11: 平均厚度 5.50m
- 粉砂岩_19: 平均厚度 5.82m
- 细砂岩_9: 平均厚度 14.57m
- 煤_8: 平均厚度 1.33m
- 砾岩_11: 平均厚度 16.32m
- 砂质泥岩_16: 平均厚度 4.53m
- 粉砂岩_17: 平均厚度 9.57m
- 粉砂岩_13: 平均厚度 9.47m
- 粉砂岩_18: 平均厚度 6.87m
- 16-2下煤: 平均厚度 1.85m
- 粉砂岩_16: 平均厚度 15.61m
- 煤_7: 平均厚度 1.19m
- 煤3: 平均厚度 1.85m
- 粉砂岩_14: 平均厚度 6.57m
- 粗砂岩_4: 平均厚度 18.15m
- 砂质泥岩_15: 平均厚度 3.45m
- 砂质泥岩_14: 平均厚度 3.27m
- 粉砂岩_15: 平均厚度 7.76m
- 砂砾岩_11: 平均厚度 22.25m
- 泥岩_10: 平均厚度 7.72m
- 粗砂岩_3: 平均厚度 8.30m
- 煤_6: 平均厚度 0.97m
- 煤_11: 平均厚度 0.96m
- 16-2上煤: 平均厚度 2.00m
- 炭质泥岩_4: 平均厚度 0.98m
- 砂质泥岩_10: 平均厚度 6.69m
- 砂质泥岩_9: 平均厚度 5.80m
- 细砂岩_6: 平均厚度 6.01m
- 煤_5: 平均厚度 1.23m
- 砂质泥岩_12: 平均厚度 8.99m
- 砂质泥岩_13: 平均厚度 5.13m
- 粉砂岩_12: 平均厚度 3.31m
- 煤4: 平均厚度 0.72m
- 砾岩_10: 平均厚度 7.54m
- 粗砂岩_2: 平均厚度 12.01m
- 砂质泥岩_11: 平均厚度 6.07m
- 泥岩_9: 平均厚度 9.54m
- 煤_10: 平均厚度 1.30m
- 粉砂岩_11: 平均厚度 8.75m
- 细砂岩_5: 平均厚度 6.07m
- 煤5: 平均厚度 0.50m
- 16-1煤: 平均厚度 3.01m
- 粉砂岩_9: 平均厚度 6.61m
- 粉砂岩_10: 平均厚度 5.62m
- 煤_4: 平均厚度 2.20m
- 砂质泥岩_8: 平均厚度 9.97m
- 砂砾岩_10: 平均厚度 10.63m
- 炭质泥岩_3: 平均厚度 2.39m
- 细砂岩_4: 平均厚度 6.23m
- 泥岩_8: 平均厚度 7.52m
- 砾岩_9: 平均厚度 14.49m
- 粉砂岩_8: 平均厚度 12.67m
- 砂砾岩_9: 平均厚度 5.03m
- 泥岩_7: 平均厚度 5.98m
- 砂砾岩_8: 平均厚度 16.55m
- 泥岩_6: 平均厚度 5.22m
- 粉砂岩_7: 平均厚度 11.36m
- 砾岩_8: 平均厚度 17.00m
- 砂质泥岩_7: 平均厚度 7.05m
- 砂砾岩_7: 平均厚度 15.31m
- 泥岩_5: 平均厚度 6.61m
- 砾岩_7: 平均厚度 19.42m
- 15-7煤: 平均厚度 1.60m
- 砂质泥岩_6: 平均厚度 7.08m
- 炭质泥岩_2: 平均厚度 0.76m
- 砂质泥岩_5: 平均厚度 9.60m
- 细砂岩_3: 平均厚度 6.62m
- 煤6: 平均厚度 0.55m
- 粉砂岩_6: 平均厚度 9.88m
- 砂砾岩_6: 平均厚度 10.41m
- 砾岩_6: 平均厚度 6.97m
- 煤_3: 平均厚度 1.03m
- 粗砂岩_1: 平均厚度 5.59m
- 粉砂岩_5: 平均厚度 10.29m
- 15-6煤: 平均厚度 0.85m
- 泥岩_4: 平均厚度 5.52m
- 粉砂岩_4: 平均厚度 8.30m
- 砾岩_5: 平均厚度 15.54m
- 砂砾岩_5: 平均厚度 9.52m
- 中砂岩_1: 平均厚度 13.12m
- 砂质泥岩_4: 平均厚度 9.48m
- 中砂岩_2: 平均厚度 4.83m
- 煤_2: 平均厚度 1.72m
- 泥岩_3: 平均厚度 6.34m
- 砾岩_4: 平均厚度 17.39m
- 砂砾岩_4: 平均厚度 13.19m
- 15-4煤: 平均厚度 1.94m
- 砂质泥岩_3: 平均厚度 11.95m
- 砂砾岩_3: 平均厚度 19.48m
- 15-5下煤: 平均厚度 2.74m
- 15-5上煤: 平均厚度 2.62m
- 砾岩_3: 平均厚度 12.77m
- 粉砂岩_3: 平均厚度 10.28m
- 15-3煤: 平均厚度 2.82m
- 砂质泥岩_2: 平均厚度 7.54m
- 15-2煤: 平均厚度 2.98m
- 泥岩_2: 平均厚度 8.12m
- 煤_1: 平均厚度 1.24m
- 炭质泥岩_1: 平均厚度 1.86m
- 粉砂岩_2: 平均厚度 9.41m
- 细砂岩_2: 平均厚度 9.85m
- 砂质泥岩_1: 平均厚度 6.69m
- 砾岩_2: 平均厚度 16.61m
- 15-1下煤: 平均厚度 2.35m
- 砂砾岩_2: 平均厚度 19.32m
- 泥岩_1: 平均厚度 7.29m
- 15-1煤: 平均厚度 1.68m
- 15-1上煤: 平均厚度 3.18m
- 砾岩_1: 平均厚度 17.97m
- 粉砂岩_1: 平均厚度 9.39m
- 砂砾岩_1: 平均厚度 16.78m
- 粘土_1: 平均厚度 15.96m
- 细砂岩_1: 平均厚度 30.94m
- 腐殖土: 平均厚度 0.55m
- 黄土: 平均厚度 16.58m

2025-12-18 13:35:13,815 - CRITICAL - Unhandled exception
Traceback (most recent call last):
  File "d:\xiangmu\dizhijianmo\app_qt.py", line 1321, in on_model_built
    item = QListWidgetItem(bm.name)
NameError: name 'QListWidgetItem' is not defined
2025-12-18 13:36:37,390 - INFO - ✓ GPU检测: NVIDIA GeForce RTX 5070 Ti (15.9 GB)
2025-12-18 13:36:38,931 - INFO - 
==================================================
2025-12-18 13:36:38,931 - INFO - 开始加载数据...
2025-12-18 13:36:38,939 - INFO - 正在加载钻孔数据...
2025-12-18 13:36:39,165 - INFO - ✓ 数据加载完成: 28 个钻孔, 151 个地层
2025-12-18 13:36:39,166 - INFO - ✓ 自动基准面: 0.00 (来自数据最小值)
2025-12-18 13:36:39,172 - INFO - ✓ 数据加载完成，可以开始训练
2025-12-18 13:36:41,153 - INFO - 
==================================================
2025-12-18 13:36:41,154 - INFO - 使用传统地质统计学方法...
2025-12-18 13:36:41,159 - INFO - 正在拟合传统模型...
2025-12-18 13:36:42,319 - INFO - ✓ 传统方法拟合完成!
2025-12-18 13:36:42,320 - INFO - 
✓ 传统方法拟合完成

评估指标:
- MAE: 0.755 m
- RMSE: 1.864 m
- R²: 0.971
- MAPE: 23.9%

2025-12-18 13:36:44,127 - INFO - 
==================================================
2025-12-18 13:36:44,127 - INFO - 开始构建三维模型...
2025-12-18 13:36:44,147 - INFO - 正在生成网格...
2025-12-18 13:36:46,851 - INFO - 正在构建三维模型...
2025-12-18 13:36:47,293 - INFO - ✓ 三维模型构建完成!
2025-12-18 13:36:47,294 - INFO - ✓ 三维模型构建完成

各层统计:
- 粉砂岩_25: 平均厚度 14.89m
- 16-4煤: 平均厚度 2.71m
- 泥岩_16: 平均厚度 9.80m
- 粉砂岩_24: 平均厚度 3.17m
- 泥岩_15: 平均厚度 8.95m
- 砾岩_13: 平均厚度 2.70m
- 16-3煤: 平均厚度 27.11m
- 砂质泥岩_24: 平均厚度 13.55m
- 泥岩_14: 平均厚度 3.53m
- 砂质泥岩_23: 平均厚度 2.89m
- 16-2煤: 平均厚度 17.60m
- 砂质泥岩_21: 平均厚度 7.23m
- 细砂岩_10: 平均厚度 2.76m
- 16-3中煤: 平均厚度 2.90m
- 煤1: 平均厚度 0.66m
- 砂质泥岩_22: 平均厚度 5.85m
- 泥岩_13: 平均厚度 6.23m
- 砂质泥岩_20: 平均厚度 7.81m
- 炭质泥岩_7: 平均厚度 0.92m
- 粉砂岩_23: 平均厚度 2.82m
- 炭质泥岩_6: 平均厚度 1.70m
- 粉砂岩_22: 平均厚度 13.80m
- 泥岩_12: 平均厚度 4.05m
- 砂质泥岩_19: 平均厚度 2.94m
- 粉砂岩_20: 平均厚度 8.61m
- 炭质泥岩_8: 平均厚度 5.25m
- 16-3上煤: 平均厚度 9.79m
- 砾岩_12: 平均厚度 11.97m
- 粉砂岩_21: 平均厚度 24.61m
- 砂质泥岩_18: 平均厚度 3.80m
- 细砂岩_8: 平均厚度 2.61m
- 砂质泥岩_17: 平均厚度 5.73m
- 煤_9: 平均厚度 1.53m
- 煤2: 平均厚度 0.88m
- 细砂岩_7: 平均厚度 3.89m
- 炭质泥岩_5: 平均厚度 1.11m
- 泥岩_11: 平均厚度 5.50m
- 粉砂岩_19: 平均厚度 5.82m
- 细砂岩_9: 平均厚度 14.57m
- 煤_8: 平均厚度 1.33m
- 砾岩_11: 平均厚度 16.32m
- 砂质泥岩_16: 平均厚度 4.53m
- 粉砂岩_17: 平均厚度 9.57m
- 粉砂岩_13: 平均厚度 9.47m
- 粉砂岩_18: 平均厚度 6.87m
- 16-2下煤: 平均厚度 1.85m
- 粉砂岩_16: 平均厚度 15.61m
- 煤_7: 平均厚度 1.19m
- 煤3: 平均厚度 1.85m
- 粉砂岩_14: 平均厚度 6.57m
- 粗砂岩_4: 平均厚度 18.15m
- 砂质泥岩_15: 平均厚度 3.45m
- 砂质泥岩_14: 平均厚度 3.27m
- 粉砂岩_15: 平均厚度 7.76m
- 砂砾岩_11: 平均厚度 22.25m
- 泥岩_10: 平均厚度 7.72m
- 粗砂岩_3: 平均厚度 8.30m
- 煤_6: 平均厚度 0.97m
- 煤_11: 平均厚度 0.96m
- 16-2上煤: 平均厚度 2.00m
- 炭质泥岩_4: 平均厚度 0.98m
- 砂质泥岩_10: 平均厚度 6.69m
- 砂质泥岩_9: 平均厚度 5.80m
- 细砂岩_6: 平均厚度 6.01m
- 煤_5: 平均厚度 1.23m
- 砂质泥岩_12: 平均厚度 8.99m
- 砂质泥岩_13: 平均厚度 5.13m
- 粉砂岩_12: 平均厚度 3.31m
- 煤4: 平均厚度 0.72m
- 砾岩_10: 平均厚度 7.54m
- 粗砂岩_2: 平均厚度 12.01m
- 砂质泥岩_11: 平均厚度 6.07m
- 泥岩_9: 平均厚度 9.54m
- 煤_10: 平均厚度 1.30m
- 粉砂岩_11: 平均厚度 8.75m
- 细砂岩_5: 平均厚度 6.07m
- 煤5: 平均厚度 0.50m
- 16-1煤: 平均厚度 3.01m
- 粉砂岩_9: 平均厚度 6.61m
- 粉砂岩_10: 平均厚度 5.62m
- 煤_4: 平均厚度 2.20m
- 砂质泥岩_8: 平均厚度 9.97m
- 砂砾岩_10: 平均厚度 10.63m
- 炭质泥岩_3: 平均厚度 2.39m
- 细砂岩_4: 平均厚度 6.23m
- 泥岩_8: 平均厚度 7.52m
- 砾岩_9: 平均厚度 14.49m
- 粉砂岩_8: 平均厚度 12.67m
- 砂砾岩_9: 平均厚度 5.03m
- 泥岩_7: 平均厚度 5.98m
- 砂砾岩_8: 平均厚度 16.55m
- 泥岩_6: 平均厚度 5.22m
- 粉砂岩_7: 平均厚度 11.36m
- 砾岩_8: 平均厚度 17.00m
- 砂质泥岩_7: 平均厚度 7.05m
- 砂砾岩_7: 平均厚度 15.31m
- 泥岩_5: 平均厚度 6.61m
- 砾岩_7: 平均厚度 19.42m
- 15-7煤: 平均厚度 1.60m
- 砂质泥岩_6: 平均厚度 7.08m
- 炭质泥岩_2: 平均厚度 0.76m
- 砂质泥岩_5: 平均厚度 9.60m
- 细砂岩_3: 平均厚度 6.62m
- 煤6: 平均厚度 0.55m
- 粉砂岩_6: 平均厚度 9.88m
- 砂砾岩_6: 平均厚度 10.41m
- 砾岩_6: 平均厚度 6.97m
- 煤_3: 平均厚度 1.03m
- 粗砂岩_1: 平均厚度 5.59m
- 粉砂岩_5: 平均厚度 10.29m
- 15-6煤: 平均厚度 0.85m
- 泥岩_4: 平均厚度 5.52m
- 粉砂岩_4: 平均厚度 8.30m
- 砾岩_5: 平均厚度 15.54m
- 砂砾岩_5: 平均厚度 9.52m
- 中砂岩_1: 平均厚度 13.12m
- 砂质泥岩_4: 平均厚度 9.48m
- 中砂岩_2: 平均厚度 4.83m
- 煤_2: 平均厚度 1.72m
- 泥岩_3: 平均厚度 6.34m
- 砾岩_4: 平均厚度 17.39m
- 砂砾岩_4: 平均厚度 13.19m
- 15-4煤: 平均厚度 1.94m
- 砂质泥岩_3: 平均厚度 11.95m
- 砂砾岩_3: 平均厚度 19.48m
- 15-5下煤: 平均厚度 2.74m
- 15-5上煤: 平均厚度 2.62m
- 砾岩_3: 平均厚度 12.77m
- 粉砂岩_3: 平均厚度 10.28m
- 15-3煤: 平均厚度 2.82m
- 砂质泥岩_2: 平均厚度 7.54m
- 15-2煤: 平均厚度 2.98m
- 泥岩_2: 平均厚度 8.12m
- 煤_1: 平均厚度 1.24m
- 炭质泥岩_1: 平均厚度 1.86m
- 粉砂岩_2: 平均厚度 9.41m
- 细砂岩_2: 平均厚度 9.85m
- 砂质泥岩_1: 平均厚度 6.69m
- 砾岩_2: 平均厚度 16.61m
- 15-1下煤: 平均厚度 2.35m
- 砂砾岩_2: 平均厚度 19.32m
- 泥岩_1: 平均厚度 7.29m
- 15-1煤: 平均厚度 1.68m
- 15-1上煤: 平均厚度 3.18m
- 砾岩_1: 平均厚度 17.97m
- 粉砂岩_1: 平均厚度 9.39m
- 砂砾岩_1: 平均厚度 16.78m
- 粘土_1: 平均厚度 15.96m
- 细砂岩_1: 平均厚度 30.94m
- 腐殖土: 平均厚度 0.55m
- 黄土: 平均厚度 16.58m

2025-12-18 13:36:47,370 - INFO - 正在生成网格几何体...
2025-12-18 13:37:32,261 - INFO - 
正在导出 FLAC3D...
2025-12-18 13:37:32,261 - INFO - 准备FLAC3D导出数据...
2025-12-18 13:37:46,003 - INFO - 
正在导出 FLAC3D...
2025-12-18 13:37:46,003 - INFO - 准备FLAC3D导出数据...
2025-12-18 13:38:10,843 - INFO - 
正在导出 FLAC3D...
2025-12-18 13:38:10,843 - INFO - 准备FLAC3D导出数据...
2025-12-18 13:50:32,889 - INFO - ✓ GPU检测: NVIDIA GeForce RTX 5070 Ti (15.9 GB)
2025-12-18 13:50:34,674 - INFO - 
==================================================
2025-12-18 13:50:34,674 - INFO - 开始加载数据...
2025-12-18 13:50:34,680 - INFO - 正在加载钻孔数据...
2025-12-18 13:50:34,892 - INFO - ✓ 数据加载完成: 28 个钻孔, 151 个地层
2025-12-18 13:50:34,893 - INFO - ✓ 自动基准面: 0.00 (来自数据最小值)
2025-12-18 13:50:34,898 - INFO - ✓ 数据加载完成，可以开始训练
2025-12-18 13:50:37,170 - INFO - 
==================================================
2025-12-18 13:50:37,170 - INFO - 使用传统地质统计学方法...
2025-12-18 13:50:37,176 - INFO - 正在拟合传统模型...
2025-12-18 13:50:38,353 - INFO - ✓ 传统方法拟合完成!
2025-12-18 13:50:38,354 - INFO - 
✓ 传统方法拟合完成

评估指标:
- MAE: 0.755 m
- RMSE: 1.864 m
- R²: 0.971
- MAPE: 23.9%

2025-12-18 13:50:39,881 - INFO - 
==================================================
2025-12-18 13:50:39,882 - INFO - 开始构建三维模型...
2025-12-18 13:50:39,893 - INFO - 正在生成网格...
2025-12-18 13:50:42,675 - INFO - 正在构建三维模型...
2025-12-18 13:50:43,100 - INFO - ✓ 三维模型构建完成!
2025-12-18 13:50:43,101 - INFO - ✓ 三维模型构建完成

各层统计:
- 粉砂岩_25: 平均厚度 14.89m
- 16-4煤: 平均厚度 2.71m
- 泥岩_16: 平均厚度 9.80m
- 粉砂岩_24: 平均厚度 3.17m
- 泥岩_15: 平均厚度 8.95m
- 砾岩_13: 平均厚度 2.70m
- 16-3煤: 平均厚度 27.11m
- 砂质泥岩_24: 平均厚度 13.55m
- 泥岩_14: 平均厚度 3.53m
- 砂质泥岩_23: 平均厚度 2.89m
- 16-2煤: 平均厚度 17.60m
- 砂质泥岩_21: 平均厚度 7.23m
- 细砂岩_10: 平均厚度 2.76m
- 16-3中煤: 平均厚度 2.90m
- 煤1: 平均厚度 0.66m
- 砂质泥岩_22: 平均厚度 5.85m
- 泥岩_13: 平均厚度 6.23m
- 砂质泥岩_20: 平均厚度 7.81m
- 炭质泥岩_7: 平均厚度 0.92m
- 粉砂岩_23: 平均厚度 2.82m
- 炭质泥岩_6: 平均厚度 1.70m
- 粉砂岩_22: 平均厚度 13.80m
- 泥岩_12: 平均厚度 4.05m
- 砂质泥岩_19: 平均厚度 2.94m
- 粉砂岩_20: 平均厚度 8.61m
- 炭质泥岩_8: 平均厚度 5.25m
- 16-3上煤: 平均厚度 9.79m
- 砾岩_12: 平均厚度 11.97m
- 粉砂岩_21: 平均厚度 24.61m
- 砂质泥岩_18: 平均厚度 3.80m
- 细砂岩_8: 平均厚度 2.61m
- 砂质泥岩_17: 平均厚度 5.73m
- 煤_9: 平均厚度 1.53m
- 煤2: 平均厚度 0.88m
- 细砂岩_7: 平均厚度 3.89m
- 炭质泥岩_5: 平均厚度 1.11m
- 泥岩_11: 平均厚度 5.50m
- 粉砂岩_19: 平均厚度 5.82m
- 细砂岩_9: 平均厚度 14.57m
- 煤_8: 平均厚度 1.33m
- 砾岩_11: 平均厚度 16.32m
- 砂质泥岩_16: 平均厚度 4.53m
- 粉砂岩_17: 平均厚度 9.57m
- 粉砂岩_13: 平均厚度 9.47m
- 粉砂岩_18: 平均厚度 6.87m
- 16-2下煤: 平均厚度 1.85m
- 粉砂岩_16: 平均厚度 15.61m
- 煤_7: 平均厚度 1.19m
- 煤3: 平均厚度 1.85m
- 粉砂岩_14: 平均厚度 6.57m
- 粗砂岩_4: 平均厚度 18.15m
- 砂质泥岩_15: 平均厚度 3.45m
- 砂质泥岩_14: 平均厚度 3.27m
- 粉砂岩_15: 平均厚度 7.76m
- 砂砾岩_11: 平均厚度 22.25m
- 泥岩_10: 平均厚度 7.72m
- 粗砂岩_3: 平均厚度 8.30m
- 煤_6: 平均厚度 0.97m
- 煤_11: 平均厚度 0.96m
- 16-2上煤: 平均厚度 2.00m
- 炭质泥岩_4: 平均厚度 0.98m
- 砂质泥岩_10: 平均厚度 6.69m
- 砂质泥岩_9: 平均厚度 5.80m
- 细砂岩_6: 平均厚度 6.01m
- 煤_5: 平均厚度 1.23m
- 砂质泥岩_12: 平均厚度 8.99m
- 砂质泥岩_13: 平均厚度 5.13m
- 粉砂岩_12: 平均厚度 3.31m
- 煤4: 平均厚度 0.72m
- 砾岩_10: 平均厚度 7.54m
- 粗砂岩_2: 平均厚度 12.01m
- 砂质泥岩_11: 平均厚度 6.07m
- 泥岩_9: 平均厚度 9.54m
- 煤_10: 平均厚度 1.30m
- 粉砂岩_11: 平均厚度 8.75m
- 细砂岩_5: 平均厚度 6.07m
- 煤5: 平均厚度 0.50m
- 16-1煤: 平均厚度 3.01m
- 粉砂岩_9: 平均厚度 6.61m
- 粉砂岩_10: 平均厚度 5.62m
- 煤_4: 平均厚度 2.20m
- 砂质泥岩_8: 平均厚度 9.97m
- 砂砾岩_10: 平均厚度 10.63m
- 炭质泥岩_3: 平均厚度 2.39m
- 细砂岩_4: 平均厚度 6.23m
- 泥岩_8: 平均厚度 7.52m
- 砾岩_9: 平均厚度 14.49m
- 粉砂岩_8: 平均厚度 12.67m
- 砂砾岩_9: 平均厚度 5.03m
- 泥岩_7: 平均厚度 5.98m
- 砂砾岩_8: 平均厚度 16.55m
- 泥岩_6: 平均厚度 5.22m
- 粉砂岩_7: 平均厚度 11.36m
- 砾岩_8: 平均厚度 17.00m
- 砂质泥岩_7: 平均厚度 7.05m
- 砂砾岩_7: 平均厚度 15.31m
- 泥岩_5: 平均厚度 6.61m
- 砾岩_7: 平均厚度 19.42m
- 15-7煤: 平均厚度 1.60m
- 砂质泥岩_6: 平均厚度 7.08m
- 炭质泥岩_2: 平均厚度 0.76m
- 砂质泥岩_5: 平均厚度 9.60m
- 细砂岩_3: 平均厚度 6.62m
- 煤6: 平均厚度 0.55m
- 粉砂岩_6: 平均厚度 9.88m
- 砂砾岩_6: 平均厚度 10.41m
- 砾岩_6: 平均厚度 6.97m
- 煤_3: 平均厚度 1.03m
- 粗砂岩_1: 平均厚度 5.59m
- 粉砂岩_5: 平均厚度 10.29m
- 15-6煤: 平均厚度 0.85m
- 泥岩_4: 平均厚度 5.52m
- 粉砂岩_4: 平均厚度 8.30m
- 砾岩_5: 平均厚度 15.54m
- 砂砾岩_5: 平均厚度 9.52m
- 中砂岩_1: 平均厚度 13.12m
- 砂质泥岩_4: 平均厚度 9.48m
- 中砂岩_2: 平均厚度 4.83m
- 煤_2: 平均厚度 1.72m
- 泥岩_3: 平均厚度 6.34m
- 砾岩_4: 平均厚度 17.39m
- 砂砾岩_4: 平均厚度 13.19m
- 15-4煤: 平均厚度 1.94m
- 砂质泥岩_3: 平均厚度 11.95m
- 砂砾岩_3: 平均厚度 19.48m
- 15-5下煤: 平均厚度 2.74m
- 15-5上煤: 平均厚度 2.62m
- 砾岩_3: 平均厚度 12.77m
- 粉砂岩_3: 平均厚度 10.28m
- 15-3煤: 平均厚度 2.82m
- 砂质泥岩_2: 平均厚度 7.54m
- 15-2煤: 平均厚度 2.98m
- 泥岩_2: 平均厚度 8.12m
- 煤_1: 平均厚度 1.24m
- 炭质泥岩_1: 平均厚度 1.86m
- 粉砂岩_2: 平均厚度 9.41m
- 细砂岩_2: 平均厚度 9.85m
- 砂质泥岩_1: 平均厚度 6.69m
- 砾岩_2: 平均厚度 16.61m
- 15-1下煤: 平均厚度 2.35m
- 砂砾岩_2: 平均厚度 19.32m
- 泥岩_1: 平均厚度 7.29m
- 15-1煤: 平均厚度 1.68m
- 15-1上煤: 平均厚度 3.18m
- 砾岩_1: 平均厚度 17.97m
- 粉砂岩_1: 平均厚度 9.39m
- 砂砾岩_1: 平均厚度 16.78m
- 粘土_1: 平均厚度 15.96m
- 细砂岩_1: 平均厚度 30.94m
- 腐殖土: 平均厚度 0.55m
- 黄土: 平均厚度 16.58m

2025-12-18 13:50:43,174 - INFO - 正在生成网格几何体...
2025-12-18 13:51:04,259 - INFO - 
正在导出 FLAC3D...
2025-12-18 13:51:04,261 - INFO - 准备FLAC3D导出数据...
2025-12-18 13:51:04,261 - INFO - 导出 151 个地层到FLAC3D...
2025-12-18 13:52:29,154 - INFO - FLAC3D导出统计:
2025-12-18 13:52:29,155 - INFO -   总节点数: 380000
2025-12-18 13:52:29,155 - INFO -   共享节点数: 2520408
2025-12-18 13:52:29,156 - INFO -   总单元数: 329215
2025-12-18 13:52:29,157 - INFO -   厚度范围: 1.00m - 88.18m
2025-12-18 13:52:29,157 - INFO - ✓ 导出成功: C:/Users/Liu HaoTian/OneDrive - 浮光浅夏/桌面/geological_model.f3dat
2025-12-18 16:34:56,569 - INFO - ✓ GPU检测: NVIDIA GeForce RTX 5070 Ti (15.9 GB)
2025-12-18 16:34:59,008 - INFO - 
==================================================
2025-12-18 16:34:59,009 - INFO - 开始加载数据...
2025-12-18 16:34:59,016 - INFO - 正在加载钻孔数据...
2025-12-18 16:34:59,213 - INFO - ✓ 数据加载完成: 28 个钻孔, 151 个地层
2025-12-18 16:34:59,215 - INFO - ✓ 自动基准面: 0.00 (来自数据最小值)
2025-12-18 16:34:59,219 - INFO - ✓ 数据加载完成，可以开始训练
2025-12-18 16:35:01,407 - INFO - 
==================================================
2025-12-18 16:35:01,407 - INFO - 使用传统地质统计学方法...
2025-12-18 16:35:01,413 - INFO - 正在拟合传统模型...
2025-12-18 16:35:02,689 - INFO - ✓ 传统方法拟合完成!
2025-12-18 16:35:02,690 - INFO - 
✓ 传统方法拟合完成

评估指标:
- MAE: 0.755 m
- RMSE: 1.864 m
- R²: 0.971
- MAPE: 23.9%

2025-12-18 16:35:04,499 - INFO - 
==================================================
2025-12-18 16:35:04,501 - INFO - 开始构建三维模型...
2025-12-18 16:35:04,524 - INFO - 正在生成网格...
2025-12-18 16:35:07,412 - INFO - 正在构建三维模型...
2025-12-18 16:35:07,816 - INFO - ✓ 三维模型构建完成!
2025-12-18 16:35:07,818 - INFO - ✓ 三维模型构建完成

各层统计:
- 粉砂岩_25: 平均厚度 14.89m
- 16-4煤: 平均厚度 2.71m
- 泥岩_16: 平均厚度 9.80m
- 粉砂岩_24: 平均厚度 3.17m
- 泥岩_15: 平均厚度 8.95m
- 砾岩_13: 平均厚度 2.70m
- 16-3煤: 平均厚度 27.11m
- 砂质泥岩_24: 平均厚度 13.55m
- 泥岩_14: 平均厚度 3.53m
- 砂质泥岩_23: 平均厚度 2.89m
- 16-2煤: 平均厚度 17.60m
- 砂质泥岩_21: 平均厚度 7.23m
- 细砂岩_10: 平均厚度 2.76m
- 16-3中煤: 平均厚度 2.90m
- 煤1: 平均厚度 0.66m
- 砂质泥岩_22: 平均厚度 5.85m
- 泥岩_13: 平均厚度 6.23m
- 砂质泥岩_20: 平均厚度 7.81m
- 炭质泥岩_7: 平均厚度 0.92m
- 粉砂岩_23: 平均厚度 2.82m
- 炭质泥岩_6: 平均厚度 1.70m
- 粉砂岩_22: 平均厚度 13.80m
- 泥岩_12: 平均厚度 4.05m
- 砂质泥岩_19: 平均厚度 2.94m
- 粉砂岩_20: 平均厚度 8.61m
- 炭质泥岩_8: 平均厚度 5.25m
- 16-3上煤: 平均厚度 9.79m
- 砾岩_12: 平均厚度 11.97m
- 粉砂岩_21: 平均厚度 24.61m
- 砂质泥岩_18: 平均厚度 3.80m
- 细砂岩_8: 平均厚度 2.61m
- 砂质泥岩_17: 平均厚度 5.73m
- 煤_9: 平均厚度 1.53m
- 煤2: 平均厚度 0.88m
- 细砂岩_7: 平均厚度 3.89m
- 炭质泥岩_5: 平均厚度 1.11m
- 泥岩_11: 平均厚度 5.50m
- 粉砂岩_19: 平均厚度 5.82m
- 细砂岩_9: 平均厚度 14.57m
- 煤_8: 平均厚度 1.33m
- 砾岩_11: 平均厚度 16.32m
- 砂质泥岩_16: 平均厚度 4.53m
- 粉砂岩_17: 平均厚度 9.57m
- 粉砂岩_13: 平均厚度 9.47m
- 粉砂岩_18: 平均厚度 6.87m
- 16-2下煤: 平均厚度 1.85m
- 粉砂岩_16: 平均厚度 15.61m
- 煤_7: 平均厚度 1.19m
- 煤3: 平均厚度 1.85m
- 粉砂岩_14: 平均厚度 6.57m
- 粗砂岩_4: 平均厚度 18.15m
- 砂质泥岩_15: 平均厚度 3.45m
- 砂质泥岩_14: 平均厚度 3.27m
- 粉砂岩_15: 平均厚度 7.76m
- 砂砾岩_11: 平均厚度 22.25m
- 泥岩_10: 平均厚度 7.72m
- 粗砂岩_3: 平均厚度 8.30m
- 煤_6: 平均厚度 0.97m
- 煤_11: 平均厚度 0.96m
- 16-2上煤: 平均厚度 2.00m
- 炭质泥岩_4: 平均厚度 0.98m
- 砂质泥岩_10: 平均厚度 6.69m
- 砂质泥岩_9: 平均厚度 5.80m
- 细砂岩_6: 平均厚度 6.01m
- 煤_5: 平均厚度 1.23m
- 砂质泥岩_12: 平均厚度 8.99m
- 砂质泥岩_13: 平均厚度 5.13m
- 粉砂岩_12: 平均厚度 3.31m
- 煤4: 平均厚度 0.72m
- 砾岩_10: 平均厚度 7.54m
- 粗砂岩_2: 平均厚度 12.01m
- 砂质泥岩_11: 平均厚度 6.07m
- 泥岩_9: 平均厚度 9.54m
- 煤_10: 平均厚度 1.30m
- 粉砂岩_11: 平均厚度 8.75m
- 细砂岩_5: 平均厚度 6.07m
- 煤5: 平均厚度 0.50m
- 16-1煤: 平均厚度 3.01m
- 粉砂岩_9: 平均厚度 6.61m
- 粉砂岩_10: 平均厚度 5.62m
- 煤_4: 平均厚度 2.20m
- 砂质泥岩_8: 平均厚度 9.97m
- 砂砾岩_10: 平均厚度 10.63m
- 炭质泥岩_3: 平均厚度 2.39m
- 细砂岩_4: 平均厚度 6.23m
- 泥岩_8: 平均厚度 7.52m
- 砾岩_9: 平均厚度 14.49m
- 粉砂岩_8: 平均厚度 12.67m
- 砂砾岩_9: 平均厚度 5.03m
- 泥岩_7: 平均厚度 5.98m
- 砂砾岩_8: 平均厚度 16.55m
- 泥岩_6: 平均厚度 5.22m
- 粉砂岩_7: 平均厚度 11.36m
- 砾岩_8: 平均厚度 17.00m
- 砂质泥岩_7: 平均厚度 7.05m
- 砂砾岩_7: 平均厚度 15.31m
- 泥岩_5: 平均厚度 6.61m
- 砾岩_7: 平均厚度 19.42m
- 15-7煤: 平均厚度 1.60m
- 砂质泥岩_6: 平均厚度 7.08m
- 炭质泥岩_2: 平均厚度 0.76m
- 砂质泥岩_5: 平均厚度 9.60m
- 细砂岩_3: 平均厚度 6.62m
- 煤6: 平均厚度 0.55m
- 粉砂岩_6: 平均厚度 9.88m
- 砂砾岩_6: 平均厚度 10.41m
- 砾岩_6: 平均厚度 6.97m
- 煤_3: 平均厚度 1.03m
- 粗砂岩_1: 平均厚度 5.59m
- 粉砂岩_5: 平均厚度 10.29m
- 15-6煤: 平均厚度 0.85m
- 泥岩_4: 平均厚度 5.52m
- 粉砂岩_4: 平均厚度 8.30m
- 砾岩_5: 平均厚度 15.54m
- 砂砾岩_5: 平均厚度 9.52m
- 中砂岩_1: 平均厚度 13.12m
- 砂质泥岩_4: 平均厚度 9.48m
- 中砂岩_2: 平均厚度 4.83m
- 煤_2: 平均厚度 1.72m
- 泥岩_3: 平均厚度 6.34m
- 砾岩_4: 平均厚度 17.39m
- 砂砾岩_4: 平均厚度 13.19m
- 15-4煤: 平均厚度 1.94m
- 砂质泥岩_3: 平均厚度 11.95m
- 砂砾岩_3: 平均厚度 19.48m
- 15-5下煤: 平均厚度 2.74m
- 15-5上煤: 平均厚度 2.62m
- 砾岩_3: 平均厚度 12.77m
- 粉砂岩_3: 平均厚度 10.28m
- 15-3煤: 平均厚度 2.82m
- 砂质泥岩_2: 平均厚度 7.54m
- 15-2煤: 平均厚度 2.98m
- 泥岩_2: 平均厚度 8.12m
- 煤_1: 平均厚度 1.24m
- 炭质泥岩_1: 平均厚度 1.86m
- 粉砂岩_2: 平均厚度 9.41m
- 细砂岩_2: 平均厚度 9.85m
- 砂质泥岩_1: 平均厚度 6.69m
- 砾岩_2: 平均厚度 16.61m
- 15-1下煤: 平均厚度 2.35m
- 砂砾岩_2: 平均厚度 19.32m
- 泥岩_1: 平均厚度 7.29m
- 15-1煤: 平均厚度 1.68m
- 15-1上煤: 平均厚度 3.18m
- 砾岩_1: 平均厚度 17.97m
- 粉砂岩_1: 平均厚度 9.39m
- 砂砾岩_1: 平均厚度 16.78m
- 粘土_1: 平均厚度 15.96m
- 细砂岩_1: 平均厚度 30.94m
- 腐殖土: 平均厚度 0.55m
- 黄土: 平均厚度 16.58m

2025-12-18 16:35:07,896 - INFO - 正在生成网格几何体...
2025-12-18 16:35:22,951 - INFO - 
正在导出 FLAC3D...
2025-12-18 16:35:22,953 - INFO - 准备FLAC3D导出数据...
2025-12-18 16:35:37,377 - INFO - 
正在导出 FLAC3D...
2025-12-18 16:35:37,378 - INFO - 准备FLAC3D导出数据...
2025-12-18 16:35:37,378 - INFO - 导出 151 个地层到FLAC3D...
2025-12-18 16:35:37,378 - INFO - 降采样因子: 2x (网格减少 75%)
2025-12-18 16:35:57,990 - INFO - FLAC3D导出统计:
2025-12-18 16:35:57,990 - INFO -   总节点数: 95000
2025-12-18 16:35:57,991 - INFO -   共享节点数: 600808
2025-12-18 16:35:57,991 - INFO -   总单元数: 81392
2025-12-18 16:35:57,991 - INFO -   厚度范围: 1.00m - 82.24m
2025-12-18 16:35:57,991 - INFO - ✓ 导出成功: C:/Users/Liu HaoTian/OneDrive - 浮光浅夏/桌面/tianchong.f3dat
2025-12-18 16:36:55,266 - INFO - 
正在导出 FLAC3D...
2025-12-18 16:36:55,267 - INFO - 准备FLAC3D导出数据...
2025-12-18 16:36:55,267 - INFO - 导出 151 个地层到FLAC3D...
2025-12-18 16:36:55,270 - INFO - 降采样因子: 2x (网格减少 75%)
2025-12-18 16:37:15,710 - INFO - FLAC3D导出统计:
2025-12-18 16:37:15,710 - INFO -   总节点数: 95000
2025-12-18 16:37:15,711 - INFO -   共享节点数: 600808
2025-12-18 16:37:15,711 - INFO -   总单元数: 81392
2025-12-18 16:37:15,711 - INFO -   厚度范围: 1.00m - 82.24m
2025-12-18 16:37:15,712 - INFO - ✓ 导出成功: D:/xiangmu/dizhijianmo/FLAC/geological_model.f3dat
2025-12-18 17:01:37,962 - INFO - ✓ GPU检测: NVIDIA GeForce RTX 5070 Ti (15.9 GB)
2025-12-18 17:01:40,035 - INFO - 
==================================================
2025-12-18 17:01:40,036 - INFO - 开始加载数据...
2025-12-18 17:01:40,043 - INFO - 正在加载钻孔数据...
2025-12-18 17:01:40,250 - INFO - ✓ 数据加载完成: 28 个钻孔, 151 个地层
2025-12-18 17:01:40,251 - INFO - ✓ 自动基准面: 0.00 (来自数据最小值)
2025-12-18 17:01:40,255 - INFO - ✓ 数据加载完成，可以开始训练
2025-12-18 17:01:42,518 - INFO - 
==================================================
2025-12-18 17:01:42,518 - INFO - 使用传统地质统计学方法...
2025-12-18 17:01:42,524 - INFO - 正在拟合传统模型...
2025-12-18 17:01:43,631 - INFO - ✓ 传统方法拟合完成!
2025-12-18 17:01:43,632 - INFO - 
✓ 传统方法拟合完成

评估指标:
- MAE: 0.755 m
- RMSE: 1.864 m
- R²: 0.971
- MAPE: 23.9%

2025-12-18 17:01:46,201 - INFO - 
==================================================
2025-12-18 17:01:46,201 - INFO - 开始构建三维模型...
2025-12-18 17:01:46,216 - INFO - 正在生成网格...
2025-12-18 17:01:48,731 - INFO - 正在构建三维模型...
2025-12-18 17:01:49,124 - INFO - ✓ 三维模型构建完成!
2025-12-18 17:01:49,126 - INFO - ✓ 三维模型构建完成

各层统计:
- 粉砂岩_25: 平均厚度 14.89m
- 16-4煤: 平均厚度 2.71m
- 泥岩_16: 平均厚度 9.80m
- 粉砂岩_24: 平均厚度 3.17m
- 泥岩_15: 平均厚度 8.95m
- 砾岩_13: 平均厚度 2.70m
- 16-3煤: 平均厚度 27.11m
- 砂质泥岩_24: 平均厚度 13.55m
- 泥岩_14: 平均厚度 3.53m
- 砂质泥岩_23: 平均厚度 2.89m
- 16-2煤: 平均厚度 17.60m
- 砂质泥岩_21: 平均厚度 7.23m
- 细砂岩_10: 平均厚度 2.76m
- 16-3中煤: 平均厚度 2.90m
- 煤1: 平均厚度 0.66m
- 砂质泥岩_22: 平均厚度 5.85m
- 泥岩_13: 平均厚度 6.23m
- 砂质泥岩_20: 平均厚度 7.81m
- 炭质泥岩_7: 平均厚度 0.92m
- 粉砂岩_23: 平均厚度 2.82m
- 炭质泥岩_6: 平均厚度 1.70m
- 粉砂岩_22: 平均厚度 13.80m
- 泥岩_12: 平均厚度 4.05m
- 砂质泥岩_19: 平均厚度 2.94m
- 粉砂岩_20: 平均厚度 8.61m
- 炭质泥岩_8: 平均厚度 5.25m
- 16-3上煤: 平均厚度 9.79m
- 砾岩_12: 平均厚度 11.97m
- 粉砂岩_21: 平均厚度 24.61m
- 砂质泥岩_18: 平均厚度 3.80m
- 细砂岩_8: 平均厚度 2.61m
- 砂质泥岩_17: 平均厚度 5.73m
- 煤_9: 平均厚度 1.53m
- 煤2: 平均厚度 0.88m
- 细砂岩_7: 平均厚度 3.89m
- 炭质泥岩_5: 平均厚度 1.11m
- 泥岩_11: 平均厚度 5.50m
- 粉砂岩_19: 平均厚度 5.82m
- 细砂岩_9: 平均厚度 14.57m
- 煤_8: 平均厚度 1.33m
- 砾岩_11: 平均厚度 16.32m
- 砂质泥岩_16: 平均厚度 4.53m
- 粉砂岩_17: 平均厚度 9.57m
- 粉砂岩_13: 平均厚度 9.47m
- 粉砂岩_18: 平均厚度 6.87m
- 16-2下煤: 平均厚度 1.85m
- 粉砂岩_16: 平均厚度 15.61m
- 煤_7: 平均厚度 1.19m
- 煤3: 平均厚度 1.85m
- 粉砂岩_14: 平均厚度 6.57m
- 粗砂岩_4: 平均厚度 18.15m
- 砂质泥岩_15: 平均厚度 3.45m
- 砂质泥岩_14: 平均厚度 3.27m
- 粉砂岩_15: 平均厚度 7.76m
- 砂砾岩_11: 平均厚度 22.25m
- 泥岩_10: 平均厚度 7.72m
- 粗砂岩_3: 平均厚度 8.30m
- 煤_6: 平均厚度 0.97m
- 煤_11: 平均厚度 0.96m
- 16-2上煤: 平均厚度 2.00m
- 炭质泥岩_4: 平均厚度 0.98m
- 砂质泥岩_10: 平均厚度 6.69m
- 砂质泥岩_9: 平均厚度 5.80m
- 细砂岩_6: 平均厚度 6.01m
- 煤_5: 平均厚度 1.23m
- 砂质泥岩_12: 平均厚度 8.99m
- 砂质泥岩_13: 平均厚度 5.13m
- 粉砂岩_12: 平均厚度 3.31m
- 煤4: 平均厚度 0.72m
- 砾岩_10: 平均厚度 7.54m
- 粗砂岩_2: 平均厚度 12.01m
- 砂质泥岩_11: 平均厚度 6.07m
- 泥岩_9: 平均厚度 9.54m
- 煤_10: 平均厚度 1.30m
- 粉砂岩_11: 平均厚度 8.75m
- 细砂岩_5: 平均厚度 6.07m
- 煤5: 平均厚度 0.50m
- 16-1煤: 平均厚度 3.01m
- 粉砂岩_9: 平均厚度 6.61m
- 粉砂岩_10: 平均厚度 5.62m
- 煤_4: 平均厚度 2.20m
- 砂质泥岩_8: 平均厚度 9.97m
- 砂砾岩_10: 平均厚度 10.63m
- 炭质泥岩_3: 平均厚度 2.39m
- 细砂岩_4: 平均厚度 6.23m
- 泥岩_8: 平均厚度 7.52m
- 砾岩_9: 平均厚度 14.49m
- 粉砂岩_8: 平均厚度 12.67m
- 砂砾岩_9: 平均厚度 5.03m
- 泥岩_7: 平均厚度 5.98m
- 砂砾岩_8: 平均厚度 16.55m
- 泥岩_6: 平均厚度 5.22m
- 粉砂岩_7: 平均厚度 11.36m
- 砾岩_8: 平均厚度 17.00m
- 砂质泥岩_7: 平均厚度 7.05m
- 砂砾岩_7: 平均厚度 15.31m
- 泥岩_5: 平均厚度 6.61m
- 砾岩_7: 平均厚度 19.42m
- 15-7煤: 平均厚度 1.60m
- 砂质泥岩_6: 平均厚度 7.08m
- 炭质泥岩_2: 平均厚度 0.76m
- 砂质泥岩_5: 平均厚度 9.60m
- 细砂岩_3: 平均厚度 6.62m
- 煤6: 平均厚度 0.55m
- 粉砂岩_6: 平均厚度 9.88m
- 砂砾岩_6: 平均厚度 10.41m
- 砾岩_6: 平均厚度 6.97m
- 煤_3: 平均厚度 1.03m
- 粗砂岩_1: 平均厚度 5.59m
- 粉砂岩_5: 平均厚度 10.29m
- 15-6煤: 平均厚度 0.85m
- 泥岩_4: 平均厚度 5.52m
- 粉砂岩_4: 平均厚度 8.30m
- 砾岩_5: 平均厚度 15.54m
- 砂砾岩_5: 平均厚度 9.52m
- 中砂岩_1: 平均厚度 13.12m
- 砂质泥岩_4: 平均厚度 9.48m
- 中砂岩_2: 平均厚度 4.83m
- 煤_2: 平均厚度 1.72m
- 泥岩_3: 平均厚度 6.34m
- 砾岩_4: 平均厚度 17.39m
- 砂砾岩_4: 平均厚度 13.19m
- 15-4煤: 平均厚度 1.94m
- 砂质泥岩_3: 平均厚度 11.95m
- 砂砾岩_3: 平均厚度 19.48m
- 15-5下煤: 平均厚度 2.74m
- 15-5上煤: 平均厚度 2.62m
- 砾岩_3: 平均厚度 12.77m
- 粉砂岩_3: 平均厚度 10.28m
- 15-3煤: 平均厚度 2.82m
- 砂质泥岩_2: 平均厚度 7.54m
- 15-2煤: 平均厚度 2.98m
- 泥岩_2: 平均厚度 8.12m
- 煤_1: 平均厚度 1.24m
- 炭质泥岩_1: 平均厚度 1.86m
- 粉砂岩_2: 平均厚度 9.41m
- 细砂岩_2: 平均厚度 9.85m
- 砂质泥岩_1: 平均厚度 6.69m
- 砾岩_2: 平均厚度 16.61m
- 15-1下煤: 平均厚度 2.35m
- 砂砾岩_2: 平均厚度 19.32m
- 泥岩_1: 平均厚度 7.29m
- 15-1煤: 平均厚度 1.68m
- 15-1上煤: 平均厚度 3.18m
- 砾岩_1: 平均厚度 17.97m
- 粉砂岩_1: 平均厚度 9.39m
- 砂砾岩_1: 平均厚度 16.78m
- 粘土_1: 平均厚度 15.96m
- 细砂岩_1: 平均厚度 30.94m
- 腐殖土: 平均厚度 0.55m
- 黄土: 平均厚度 16.58m

2025-12-18 17:01:49,205 - INFO - 正在生成网格几何体...
2025-12-18 17:02:39,141 - INFO - 
正在导出 FLAC3D...
2025-12-18 17:02:39,142 - INFO - 准备FLAC3D导出数据...
2025-12-18 17:02:39,143 - INFO - 导出 151 个地层到FLAC3D...
2025-12-18 17:02:39,143 - INFO - 降采样因子: 2x (网格减少 75%)
2025-12-18 17:02:39,143 - INFO - 格式: 紧凑脚本
2025-12-18 17:02:59,049 - INFO - FLAC3D导出统计:
2025-12-18 17:02:59,051 - INFO -   总节点数: 95000
2025-12-18 17:02:59,051 - INFO -   共享节点数: 600808
2025-12-18 17:02:59,052 - INFO -   总单元数: 81392
2025-12-18 17:02:59,052 - INFO -   厚度范围: 1.00m - 82.24m
2025-12-18 17:02:59,052 - INFO - ✓ 导出成功: D:/xiangmu/dizhijianmo/FLAC/geological_model.f3dat
